2025-04-14 12:08:07 - c.h.f.FraudDetectionApplication - Starting FraudDetectionApplication using Java 21.0.6 with PID 13917 (/home/bhman/dev/fraud_detection/target/classes started by bhman in /home/bhman/dev/fraud_detection)
2025-04-14 12:08:07 - c.h.f.FraudDetectionApplication - No active profile set, falling back to 1 default profile: "default"
2025-04-14 12:08:07 - o.s.b.d.e.DevToolsPropertyDefaultsPostProcessor - Devtools property defaults active! Set 'spring.devtools.add-properties' to 'false' to disable
2025-04-14 12:08:07 - o.s.b.d.e.DevToolsPropertyDefaultsPostProcessor - For additional web related logging consider setting the 'logging.level.web' property to 'DEBUG'
2025-04-14 12:08:08 - o.s.d.r.c.RepositoryConfigurationDelegate - Multiple Spring Data modules found, entering strict repository configuration mode
2025-04-14 12:08:08 - o.s.d.r.c.RepositoryConfigurationDelegate - Bootstrapping Spring Data JPA repositories in DEFAULT mode.
2025-04-14 12:08:08 - o.s.d.r.c.RepositoryConfigurationDelegate - Finished Spring Data repository scanning in 77 ms. Found 2 JPA repository interfaces.
2025-04-14 12:08:08 - o.s.d.r.c.RepositoryConfigurationDelegate - Multiple Spring Data modules found, entering strict repository configuration mode
2025-04-14 12:08:08 - o.s.d.r.c.RepositoryConfigurationDelegate - Bootstrapping Spring Data Redis repositories in DEFAULT mode.
2025-04-14 12:08:08 - o.s.d.r.c.RepositoryConfigurationExtensionSupport - Spring Data Redis - Could not safely identify store assignment for repository candidate interface com.henbran.fraud_detection.repository.TransactionRepository; If you want this repository to be a Redis repository, consider annotating your entities with one of these annotations: org.springframework.data.redis.core.RedisHash (preferred), or consider extending one of the following types with your repository: org.springframework.data.keyvalue.repository.KeyValueRepository
2025-04-14 12:08:08 - o.s.d.r.c.RepositoryConfigurationExtensionSupport - Spring Data Redis - Could not safely identify store assignment for repository candidate interface com.henbran.fraud_detection.repository.UserRepository; If you want this repository to be a Redis repository, consider annotating your entities with one of these annotations: org.springframework.data.redis.core.RedisHash (preferred), or consider extending one of the following types with your repository: org.springframework.data.keyvalue.repository.KeyValueRepository
2025-04-14 12:08:08 - o.s.d.r.c.RepositoryConfigurationDelegate - Finished Spring Data repository scanning in 4 ms. Found 0 Redis repository interfaces.
2025-04-14 12:08:09 - o.s.b.w.e.tomcat.TomcatWebServer - Tomcat initialized with port 8082 (http)
2025-04-14 12:08:09 - o.a.coyote.http11.Http11NioProtocol - Initializing ProtocolHandler ["http-nio-8082"]
2025-04-14 12:08:09 - o.a.catalina.core.StandardService - Starting service [Tomcat]
2025-04-14 12:08:09 - o.a.catalina.core.StandardEngine - Starting Servlet engine: [Apache Tomcat/10.1.34]
2025-04-14 12:08:09 - o.a.c.c.C.[Tomcat].[localhost].[/] - Initializing Spring embedded WebApplicationContext
2025-04-14 12:08:09 - o.s.b.w.s.c.ServletWebServerApplicationContext - Root WebApplicationContext: initialization completed in 1512 ms
2025-04-14 12:08:09 - o.h.jpa.internal.util.LogHelper - HHH000204: Processing PersistenceUnitInfo [name: default]
2025-04-14 12:08:09 - org.hibernate.Version - HHH000412: Hibernate ORM core version 6.6.5.Final
2025-04-14 12:08:09 - o.h.c.i.RegionFactoryInitiator - HHH000026: Second-level cache disabled
2025-04-14 12:08:10 - o.s.o.j.p.SpringPersistenceUnitInfo - No LoadTimeWeaver setup: ignoring JPA class transformer
2025-04-14 12:08:10 - com.zaxxer.hikari.HikariDataSource - HikariPool-1 - Starting...
2025-04-14 12:08:10 - com.zaxxer.hikari.pool.HikariPool - HikariPool-1 - Added connection org.postgresql.jdbc.PgConnection@10a755d6
2025-04-14 12:08:10 - com.zaxxer.hikari.HikariDataSource - HikariPool-1 - Start completed.
2025-04-14 12:08:10 - org.hibernate.orm.deprecation - HHH90000025: PostgreSQLDialect does not need to be specified explicitly using 'hibernate.dialect' (remove the property setting and it will be selected by default)
2025-04-14 12:08:10 - o.hibernate.orm.connections.pooling - HHH10001005: Database info:
	Database JDBC URL [Connecting through datasource 'HikariDataSource (HikariPool-1)']
	Database driver: undefined/unknown
	Database version: 16.8
	Autocommit mode: undefined/unknown
	Isolation level: undefined/unknown
	Minimum pool size: undefined/unknown
	Maximum pool size: undefined/unknown
2025-04-14 12:08:11 - o.h.e.t.j.p.i.JtaPlatformInitiator - HHH000489: No JTA platform available (set 'hibernate.transaction.jta.platform' to enable JTA platform integration)
2025-04-14 12:08:11 - o.s.o.j.LocalContainerEntityManagerFactoryBean - Initialized JPA EntityManagerFactory for persistence unit 'default'
2025-04-14 12:08:11 - o.s.d.j.r.query.QueryEnhancerFactory - Hibernate is in classpath; If applicable, HQL parser will be used.
2025-04-14 12:08:11 - o.s.b.a.o.j.JpaBaseConfiguration$JpaWebConfiguration - spring.jpa.open-in-view is enabled by default. Therefore, database queries may be performed during view rendering. Explicitly configure spring.jpa.open-in-view to disable this warning
2025-04-14 12:08:11 - o.s.b.a.s.s.UserDetailsServiceAutoConfiguration - 

Using generated security password: 2ca2930f-316b-439f-8a3e-cd23c6353600

This generated password is for development use only. Your security configuration must be updated before running your application in production.

2025-04-14 12:08:11 - o.s.s.c.a.a.c.InitializeUserDetailsBeanManagerConfigurer$InitializeUserDetailsManagerConfigurer - Global AuthenticationManager configured with UserDetailsService bean with name inMemoryUserDetailsManager
2025-04-14 12:08:12 - o.s.b.a.e.web.EndpointLinksResolver - Exposing 1 endpoint beneath base path '/actuator'
2025-04-14 12:08:12 - o.s.b.d.a.OptionalLiveReloadServer - LiveReload server is running on port 35729
2025-04-14 12:08:12 - o.a.coyote.http11.Http11NioProtocol - Starting ProtocolHandler ["http-nio-8082"]
2025-04-14 12:08:12 - o.s.b.w.e.tomcat.TomcatWebServer - Tomcat started on port 8082 (http) with context path '/'
2025-04-14 12:08:12 - c.h.f.FraudDetectionApplication - Started FraudDetectionApplication in 5.388 seconds (process running for 5.959)
2025-04-14 12:08:12 - c.h.f.FraudDetectionApplication - API Fraud Detection iniciada com sucesso!
2025-04-14 12:08:13 - o.a.c.c.C.[Tomcat].[localhost].[/] - Initializing Spring DispatcherServlet 'dispatcherServlet'
2025-04-14 12:08:13 - o.s.web.servlet.DispatcherServlet - Initializing Servlet 'dispatcherServlet'
2025-04-14 12:08:13 - o.s.web.servlet.DispatcherServlet - Completed initialization in 1 ms
2025-04-14 12:10:15 - c.h.f.controller.AuthController - Iniciando login do úsuario: Zend3
2025-04-14 12:10:15 - c.h.f.controller.AuthController - Login realizado com sucesso
2025-04-14 12:10:27 - c.h.f.c.TransactionController - Buscando todas as transações
2025-04-14 12:10:41 - c.h.f.c.TransactionController - Buscando todas as transações
2025-04-14 12:10:43 - c.h.f.c.TransactionController - Buscando todas as transações
2025-04-14 12:11:36 - c.h.f.c.TransactionController - Verificando transação com id 30
2025-04-14 12:11:36 - c.h.f.service.FraudDetectionService - Executando detecção de fraude para a transação: 30
2025-04-14 12:12:20 - c.h.f.c.TransactionController - Verificando transação com id 30
2025-04-14 12:12:20 - c.h.f.service.FraudDetectionService - Executando detecção de fraude para a transação: 30
2025-04-14 12:17:04 - c.h.f.c.TransactionController - Verificando transação com id 30
2025-04-14 12:17:04 - c.h.f.service.FraudDetectionService - Executando detecção de fraude para a transação: 30
2025-04-14 12:23:58 - c.h.f.controller.AuthController - Iniciando login do úsuario: Zend3
2025-04-14 12:23:58 - c.h.f.controller.AuthController - Login realizado com sucesso
2025-04-14 12:24:22 - c.h.f.c.TransactionController - Verificando transação com id 30
2025-04-14 12:24:22 - c.h.f.service.FraudDetectionService - Executando detecção de fraude para a transação: 30
2025-04-14 12:24:58 - o.s.b.w.e.tomcat.GracefulShutdown - Commencing graceful shutdown. Waiting for active requests to complete
2025-04-14 12:24:58 - o.s.b.w.e.tomcat.GracefulShutdown - Graceful shutdown complete
2025-04-14 12:24:58 - o.s.o.j.LocalContainerEntityManagerFactoryBean - Closing JPA EntityManagerFactory for persistence unit 'default'
2025-04-14 12:24:58 - com.zaxxer.hikari.HikariDataSource - HikariPool-1 - Shutdown initiated...
2025-04-14 12:24:58 - com.zaxxer.hikari.HikariDataSource - HikariPool-1 - Shutdown completed.
